# vsim semaphore_trial -l semaphore_trial.log -c -do "run -all;quit" 
# Start time: 23:16:56 on Oct 05,2022
# ** Note: (vsim-8009) Loading existing optimized design _opt
# //  Questa Sim
# //  Version 10.6c linux Jul 25 2017
# //
# //  Copyright 1991-2017 Mentor Graphics Corporation
# //  All Rights Reserved.
# //
# //  QuestaSim and its associated documentation contain trade
# //  secrets and commercial or financial information that are the property of
# //  Mentor Graphics Corporation and are privileged, confidential,
# //  and exempt from disclosure under the Freedom of Information Act,
# //  5 U.S.C. Section 552. Furthermore, this information
# //  is prohibited from disclosure under the Trade Secrets Act,
# //  18 U.S.C. Section 1905.
# //
# Loading sv_std.std
# Loading work.semaphore_trial(fast)
# run -all
# @0 ns In first initial block
# @0 ns Block 1:Accessing 4 keys from semaphore
# @0 ns In second initial block
# @0 ns Block 2:Accessing 2 keys from semaphore
# @5 ns Block 1:Done using 4 keys
# @10 ns Block 2:Done using 2 keys
# quit
# End time: 23:16:56 on Oct 05,2022, Elapsed time: 0:00:00
# Errors: 0, Warnings: 0
